[2025-12-27 20:21:51] Table created: gksphone_settings
[2025-12-27 20:21:51] Table created: gksphone_esim
[2025-12-27 20:21:51] Table created: gksphone_advertising
[2025-12-27 20:21:51] Table created: gksphone_bank_history
[2025-12-27 20:21:51] Table created: gksphone_billing
[2025-12-27 20:21:52] Table created: gksphone_calls
[2025-12-27 20:21:52] Table created: gksphone_contacts
[2025-12-27 20:21:52] Table created: gksphone_gallery
[2025-12-27 20:21:52] Table created: gksphone_gameleaderboard
[2025-12-27 20:21:52] Table created: gksphone_gps
[2025-12-27 20:21:52] Table created: gksphone_mails
[2025-12-27 20:21:52] Table created: gksphone_messages
[2025-12-27 20:21:52] Table created: gksphone_messages_groups
[2025-12-27 20:21:52] Table created: gksphone_messages_groups_members
[2025-12-27 20:21:52] Table created: gksphone_messages_groups_messages
[2025-12-27 20:21:52] Table created: gksphone_news
[2025-12-27 20:21:52] Table created: gksphone_notes
[2025-12-27 20:21:52] Table created: gksphone_stockmarket
[2025-12-27 20:21:52] Table created: gksphone_twt_users
[2025-12-27 20:21:52] Table created: gksphone_twt_posts
[2025-12-27 20:21:52] Table created: gksphone_twt_followers
[2025-12-27 20:21:52] Table created: gksphone_twt_hastags
[2025-12-27 20:21:52] Table created: gksphone_twt_likepost
[2025-12-27 20:21:52] Table created: gksphone_twt_retweet
[2025-12-27 20:21:52] Table created: gksphone_vehicle_sales
[2025-12-27 20:21:52] Table created: gksphone_wanted
[2025-12-27 20:21:52] Table created: gksphone_music
[2025-12-27 20:21:53] Table created: gksphone_music_like
[2025-12-27 20:21:53] Table created: gksphone_flare_users
[2025-12-27 20:21:53] Table created: gksphone_flare_swipes
[2025-12-27 20:21:53] Table created: gksphone_flare_matches
[2025-12-27 20:21:53] Table created: gksphone_flare_messages
[2025-12-27 20:21:53] Table created: gksphone_instagram_users
[2025-12-27 20:21:53] Table created: gksphone_instagram_stories
[2025-12-27 20:21:53] Table created: gksphone_instagram_posts
[2025-12-27 20:21:53] Table created: gksphone_instagram_post_likes
[2025-12-27 20:21:53] Table created: gksphone_instagram_follows
[2025-12-27 20:21:53] Table created: gksphone_instagram_comments
[2025-12-27 20:21:53] Table created: gksphone_instagram_comment_likes
[2025-12-27 20:21:53] Table created: gksphone_instagram_conversations
[2025-12-27 20:21:53] Table created: gksphone_instagram_conversation_participants
[2025-12-27 20:21:53] Table created: gksphone_instagram_messages
[2025-12-27 20:21:53] Table created: gksphone_instagram_notifications
[2025-12-27 20:21:53] Table created: gksphone_instagram_active_stories_v2
[2025-12-27 20:21:53] Table created: gksphone_instagram_conversations_v1
[2025-12-27 20:21:53] Table created: gksphone_darkchat_users
[2025-12-27 20:21:53] Table created: gksphone_darkchat_rooms
[2025-12-27 20:21:53] Table created: gksphone_darkchat_room_members
[2025-12-27 20:21:53] Table created: gksphone_darkchat_messages
[2025-12-27 20:21:53] Trigger created: gksphone_instagram_update_post_likes_count
[2025-12-27 20:21:53] Trigger created: gksphone_instagram_update_follow_counts
[2025-12-27 20:21:53] Trigger created: gksphone_instagram_create_comment_notification
[2025-12-27 20:21:53] Trigger created: gksphone_instagram_update_posts_count_delete
[2025-12-27 20:21:53] Trigger created: gksphone_instagram_update_comment_likes_count_delete
[2025-12-27 20:21:53] Trigger created: gksphone_instagram_update_follow_counts_delete
[2025-12-27 20:21:53] Trigger created: gksphone_instagram_update_post_likes_count_delete
[2025-12-27 20:21:53] Trigger created: gksphone_instagram_update_comment_count_delete
[2025-12-27 20:21:53] Trigger created: gksphone_instagram_update_comment_likes_count
[2025-12-27 20:21:53] Trigger created: gksphone_instagram_create_like_notification
[2025-12-27 20:21:53] Trigger created: gksphone_instagram_update_follow_counts_update
[2025-12-27 20:21:53] Trigger created: gksphone_instagram_update_posts_count
[2025-12-27 20:21:53] Trigger created: gksphone_instagram_update_comment_count
[2025-12-28 13:11:40] Added column: price → gksphone_advertising
[2025-12-28 13:11:40] Added column: title → gksphone_advertising
[2025-12-28 13:11:41] Added column: admin_only_messages → gksphone_messages_groups
[2025-12-28 13:11:41] Added column: role → gksphone_messages_groups_members
